\BOOKMARK [1][-]{section.1}{Introducci\363n}{}% 1
\BOOKMARK [1][-]{section.2}{Desarrollo}{}% 2
\BOOKMARK [2][-]{subsection.2.1}{\277Qu\351 son los datos no estructurados?}{section.2}% 3
\BOOKMARK [2][-]{subsection.2.2}{Gesti\363n de datos no estructurados oportunidades disponibles}{section.2}% 4
\BOOKMARK [2][-]{subsection.2.3}{\277C\363mo funciona el scraping?}{section.2}% 5
\BOOKMARK [2][-]{subsection.2.4}{Gesti\363n de datos no estructurados: requisitos clave}{section.2}% 6
\BOOKMARK [1][-]{section.3}{Herramientas de Media Scraping}{}% 7
\BOOKMARK [2][-]{subsection.3.1}{Octoparse}{section.3}% 8
\BOOKMARK [2][-]{subsection.3.2}{Dexi.io}{section.3}% 9
\BOOKMARK [2][-]{subsection.3.3}{Outwit Hub}{section.3}% 10
\BOOKMARK [2][-]{subsection.3.4}{Scrapinghub}{section.3}% 11
\BOOKMARK [2][-]{subsection.3.5}{Parsehub}{section.3}% 12
\BOOKMARK [1][-]{section.4}{\277Qu\351 es Automatic Speech Recognition?}{}% 13
\BOOKMARK [2][-]{subsection.4.1}{Historia}{section.4}% 14
\BOOKMARK [2][-]{subsection.4.2}{Caracter\355sticas}{section.4}% 15
\BOOKMARK [2][-]{subsection.4.3}{Natural Language Processing \(NLP\)}{section.4}% 16
\BOOKMARK [2][-]{subsection.4.4}{Algoritmos}{section.4}% 17
\BOOKMARK [3][-]{subsubsection.4.4.1}{Hidden Markov Models}{subsection.4.4}% 18
\BOOKMARK [3][-]{subsubsection.4.4.2}{Neural Networks}{subsection.4.4}% 19
\BOOKMARK [3][-]{subsubsection.4.4.3}{Speaker Diarization \(SD\)}{subsection.4.4}% 20
\BOOKMARK [1][-]{section.5}{\277Computer Vision que es?}{}% 21
\BOOKMARK [2][-]{subsection.5.1}{Aprendizaje automatico}{section.5}% 22
\BOOKMARK [2][-]{subsection.5.2}{Detecci\363n de objetos}{section.5}% 23
\BOOKMARK [2][-]{subsection.5.3}{An\341lisis de video}{section.5}% 24
\BOOKMARK [1][-]{section.6}{Conclusi\363n}{}% 25
\BOOKMARK [1][-]{section.7}{Bibliograf\355a}{}% 26
